Image 0000: cat 1.000000
Image 0001: ship 1.000000
Image 0002: ship 0.998135
Image 0003: airplane 1.000000
Image 0004: frog 0.999999
Image 0005: frog 0.999999
Image 0006: automobile 0.999972
Image 0007: frog 0.599498
Image 0008: cat 0.999996
Image 0009: automobile 0.999985
Image 0010: airplane 0.999758
Image 0011: truck 1.000000
Image 0012: dog 0.999986
Image 0013: horse 1.000000
Image 0014: truck 1.000000
Image 0015: ship 0.997505
Image 0016: dog 1.000000
Image 0017: horse 1.000000
Image 0018: ship 1.000000
Image 0019: frog 1.000000
Image 0020: horse 0.999906
Image 0021: airplane 0.878983
Image 0022: deer 0.847687
Image 0023: truck 1.000000
Image 0024: deer 0.749486
Image 0025: bird 0.999937
Image 0026: horse 0.988147
Image 0027: airplane 1.000000
Image 0028: truck 1.000000
Image 0029: frog 1.000000
Image 0030: frog 0.999998
Image 0031: dog 1.000000
Image 0032: deer 0.865583
Image 0033: dog 0.999959
Image 0034: truck 1.000000
Image 0035: cat 0.977803
Image 0036: deer 0.999967
Image 0037: automobile 0.980730
Image 0038: truck 1.000000
Image 0039: dog 1.000000
Image 0040: deer 1.000000
Image 0041: frog 1.000000
Image 0042: dog 0.999687
Image 0043: frog 1.000000
Image 0044: airplane 1.000000
Image 0045: truck 1.000000
Image 0046: cat 0.999955
Image 0047: truck 0.377452
Image 0048: horse 1.000000
Image 0049: frog 0.999375
Image 0050: truck 1.000000
Image 0051: ship 1.000000
Image 0052: airplane 0.981767
Image 0053: cat 0.998731
Image 0054: ship 1.000000
Image 0055: ship 1.000000
Image 0056: horse 0.999999
Image 0057: cat 0.540707
Image 0058: horse 0.981253
Image 0059: cat 0.763404
Image 0060: horse 1.000000
Image 0061: dog 0.769005
Image 0062: frog 0.999993
Image 0063: cat 0.999669
Image 0064: frog 1.000000
Image 0065: bird 0.999937
Image 0066: automobile 0.999996
Image 0067: bird 1.000000
Image 0068: cat 0.999997
Image 0069: horse 1.000000
Image 0070: bird 0.999902
Image 0071: frog 1.000000
Image 0072: ship 1.000000
Image 0073: ship 1.000000
Image 0074: airplane 1.000000
Image 0075: bird 1.000000
Image 0076: truck 1.000000
Image 0077: cat 1.000000
Image 0078: cat 0.798253
Image 0079: ship 1.000000
Image 0080: ship 1.000000
Image 0081: automobile 1.000000
Image 0082: automobile 1.000000
Image 0083: horse 1.000000
Image 0084: bird 0.999964
Image 0085: dog 0.970252
Image 0086: deer 0.999633
Image 0087: horse 0.899159
Image 0088: ship 1.000000
Image 0089: truck 1.000000
Image 0090: airplane 1.000000
Image 0091: frog 0.981909
Image 0092: ship 1.000000
Image 0093: frog 1.000000
Image 0094: deer 0.999955
Image 0095: frog 0.999151
Image 0096: frog 1.000000
Image 0097: airplane 0.999366
Image 0098: airplane 1.000000
Image 0099: horse 1.000000
Image 0100: deer 0.999613
Image 0101: dog 0.999910
Image 0102: frog 1.000000
Image 0103: cat 0.999939
Image 0104: automobile 1.000000
Image 0105: automobile 1.000000
Image 0106: cat 0.997681
Image 0107: frog 1.000000
Image 0108: ship 0.999596
Image 0109: horse 1.000000
Image 0110: deer 1.000000
Image 0111: airplane 1.000000
Image 0112: bird 0.999974
Image 0113: bird 1.000000
Image 0114: automobile 1.000000
Image 0115: cat 0.992705
Image 0116: airplane 1.000000
Image 0117: deer 0.999979
Image 0118: bird 0.998192
Image 0119: horse 0.719578
Image 0120: ship 1.000000
Image 0121: cat 0.989709
Image 0122: automobile 1.000000
Image 0123: bird 1.000000
Image 0124: ship 0.999113
Image 0125: bird 0.638220
Image 0126: airplane 0.998779
Image 0127: cat 0.999985
Image 0128: dog 0.590086
Image 0129: bird 1.000000
Image 0130: deer 1.000000
Image 0131: automobile 1.000000
Image 0132: ship 1.000000
Image 0133: truck 1.000000
Image 0134: automobile 0.997336
Image 0135: bird 0.999999
Image 0136: truck 1.000000
Image 0137: horse 1.000000
Image 0138: bird 1.000000
Image 0139: automobile 0.876752
Image 0140: frog 0.940880
Image 0141: dog 1.000000
Image 0142: frog 0.999997
Image 0143: cat 0.976062
Image 0144: ship 1.000000
Image 0145: truck 0.576096
Image 0146: frog 1.000000
Image 0147: dog 1.000000
Image 0148: dog 1.000000
Image 0149: bird 1.000000
Image 0150: ship 1.000000
Image 0151: truck 0.999632
Image 0152: frog 1.000000
Image 0153: airplane 1.000000
Image 0154: airplane 0.999257
Image 0155: dog 1.000000
Image 0156: bird 1.000000
Image 0157: truck 1.000000
Image 0158: dog 0.959360
Image 0159: deer 1.000000
Image 0160: bird 0.999595
Image 0161: automobile 1.000000
Image 0162: frog 0.999433
Image 0163: frog 1.000000
Image 0164: airplane 0.999479
Image 0165: deer 1.000000
Image 0166: ship 0.999995
Image 0167: deer 0.999519
Image 0168: dog 1.000000
Image 0169: airplane 0.469529
Image 0170: truck 1.000000
Image 0171: truck 0.999993
Image 0172: truck 1.000000
Image 0173: ship 1.000000
Image 0174: truck 1.000000
Image 0175: truck 1.000000
Image 0176: cat 1.000000
Image 0177: horse 1.000000
Image 0178: dog 0.999932
Image 0179: airplane 0.999997
Image 0180: airplane 0.999996
Image 0181: dog 1.000000
Image 0182: bird 1.000000
Image 0183: bird 0.970957
Image 0184: cat 1.000000
Image 0185: ship 1.000000
Image 0186: frog 0.999869
Image 0187: cat 0.999933
Image 0188: cat 1.000000
Image 0189: airplane 0.990967
Image 0190: dog 1.000000
Image 0191: ship 1.000000
Image 0192: airplane 0.901115
Image 0193: automobile 0.999996
Image 0194: horse 1.000000
Image 0195: horse 0.438027
Image 0196: ship 1.000000
Image 0197: ship 0.999995
Image 0198: horse 1.000000
Image 0199: ship 1.000000
Image 0200: dog 0.972702
Image 0201: automobile 1.000000
Image 0202: ship 1.000000
Image 0203: horse 0.999998
Image 0204: automobile 1.000000
Image 0205: cat 1.000000
Image 0206: airplane 1.000000
Image 0207: dog 1.000000
Image 0208: horse 1.000000
Image 0209: truck 1.000000
Image 0210: horse 0.999564
Image 0211: deer 1.000000
Image 0212: dog 1.000000
Image 0213: ship 0.604002
Image 0214: airplane 0.600260
Image 0215: airplane 0.873330
Image 0216: horse 1.000000
Image 0217: truck 1.000000
Image 0218: ship 0.999988
Image 0219: bird 1.000000
Image 0220: horse 1.000000
Image 0221: cat 0.499326
Image 0222: truck 1.000000
Image 0223: deer 0.938350
Image 0224: deer 0.992384
Image 0225: truck 1.000000
Image 0226: cat 0.878372
Image 0227: deer 1.000000
Image 0228: horse 0.995501
Image 0229: frog 1.000000
Image 0230: dog 1.000000
Image 0231: automobile 1.000000
Image 0232: cat 0.999581
Image 0233: ship 0.999996
Image 0234: ship 1.000000
Image 0235: airplane 1.000000
Image 0236: deer 1.000000
Image 0237: airplane 0.989350
Image 0238: dog 1.000000
Image 0239: dog 1.000000
Image 0240: automobile 1.000000
Image 0241: automobile 1.000000
Image 0242: ship 0.996947
Image 0243: truck 1.000000
Image 0244: airplane 1.000000
Image 0245: bird 0.994894
Image 0246: automobile 1.000000
Image 0247: ship 0.999959
Image 0248: bird 0.999839
Image 0249: bird 1.000000
Image 0250: dog 1.000000
Image 0251: cat 1.000000
Image 0252: truck 1.000000
Image 0253: truck 1.000000
Image 0254: deer 0.999749
Image 0255: airplane 0.998361
Image 0256: cat 1.000000
Image 0257: airplane 1.000000
Image 0258: ship 0.988174
Image 0259: truck 0.999988
Image 0260: ship 1.000000
Image 0261: automobile 1.000000
Image 0262: dog 0.999919
Image 0263: cat 0.999155
Image 0264: airplane 0.999988
Image 0265: ship 0.956001
Image 0266: bird 0.975188
Image 0267: deer 1.000000
Image 0268: horse 1.000000
Image 0269: airplane 0.995223
Image 0270: bird 1.000000
Image 0271: dog 0.993159
Image 0272: frog 1.000000
Image 0273: cat 0.999985
Image 0274: ship 1.000000
Image 0275: cat 0.867890
Image 0276: airplane 1.000000
Image 0277: bird 0.999590
Image 0278: deer 0.999941
Image 0279: cat 1.000000
Image 0280: truck 1.000000
Image 0281: ship 0.999645
Image 0282: frog 1.000000
Image 0283: automobile 1.000000
Image 0284: airplane 1.000000
Image 0285: truck 1.000000
Image 0286: automobile 1.000000
Image 0287: airplane 0.999999
Image 0288: horse 1.000000
Image 0289: truck 1.000000
Image 0290: automobile 1.000000
Image 0291: bird 1.000000
Image 0292: frog 1.000000
Image 0293: truck 0.995169
Image 0294: cat 1.000000
Image 0295: deer 0.965145
Image 0296: frog 1.000000
Image 0297: airplane 1.000000
Image 0298: airplane 1.000000
Image 0299: frog 1.000000
Image 0300: frog 1.000000
Image 0301: frog 1.000000
Image 0302: dog 0.897204
Image 0303: bird 0.999996
Image 0304: frog 1.000000
Image 0305: automobile 1.000000
Image 0306: truck 0.999905
Image 0307: bird 0.999999
Image 0308: truck 0.997414
Image 0309: deer 0.989265
Image 0310: ship 0.999965
Image 0311: frog 1.000000
Image 0312: airplane 0.999995
Image 0313: airplane 0.971164
Image 0314: deer 0.995978
Image 0315: airplane 1.000000
Image 0316: horse 0.999992
Image 0317: horse 1.000000
Image 0318: dog 1.000000
Image 0319: dog 1.000000
Image 0320: cat 1.000000
Image 0321: dog 1.000000
Image 0322: bird 1.000000
Image 0323: bird 0.994320
Image 0324: horse 0.981956
Image 0325: automobile 1.000000
Image 0326: horse 1.000000
Image 0327: dog 0.999937
Image 0328: deer 1.000000
Image 0329: frog 1.000000
Image 0330: automobile 1.000000
Image 0331: truck 1.000000
Image 0332: cat 0.985936
Image 0333: frog 1.000000
Image 0334: frog 1.000000
Image 0335: truck 1.000000
Image 0336: cat 1.000000
Image 0337: ship 1.000000
Image 0338: airplane 0.999994
Image 0339: horse 1.000000
Image 0340: bird 0.999996
Image 0341: frog 1.000000
Image 0342: bird 0.999980
Image 0343: dog 1.000000
Image 0344: ship 1.000000
Image 0345: dog 1.000000
Image 0346: horse 0.966287
Image 0347: frog 1.000000
Image 0348: ship 1.000000
Image 0349: truck 1.000000
Image 0350: truck 1.000000
Image 0351: automobile 1.000000
Image 0352: airplane 0.999998
Image 0353: bird 1.000000
Image 0354: bird 1.000000
Image 0355: deer 0.996901
Image 0356: horse 0.684949
Image 0357: bird 0.999370
Image 0358: ship 1.000000
Image 0359: airplane 1.000000
Image 0360: truck 1.000000
Image 0361: dog 1.000000
Image 0362: ship 1.000000
Image 0363: automobile 0.565109
Image 0364: truck 1.000000
Image 0365: deer 1.000000
Image 0366: automobile 0.999997
Image 0367: cat 0.999984
Image 0368: ship 0.999916
Image 0369: automobile 1.000000
Image 0370: bird 0.468863
Image 0371: horse 1.000000
Image 0372: truck 1.000000
Image 0373: bird 0.985382
Image 0374: bird 1.000000
Image 0375: horse 1.000000
Image 0376: airplane 0.999982
Image 0377: horse 0.999959
Image 0378: bird 0.438058
Image 0379: frog 1.000000
Image 0380: frog 1.000000
Image 0381: truck 1.000000
Image 0382: airplane 1.000000
Image 0383: truck 0.913595
Image 0384: dog 1.000000
Image 0385: ship 0.999994
Image 0386: horse 1.000000
Image 0387: bird 0.990561
Image 0388: bird 0.994740
Image 0389: dog 1.000000
Image 0390: automobile 1.000000
Image 0391: bird 1.000000
Image 0392: frog 0.999998
Image 0393: bird 0.999146
Image 0394: truck 0.999995
Image 0395: frog 0.999997
Image 0396: bird 1.000000
Image 0397: cat 1.000000
Image 0398: airplane 1.000000
Image 0399: cat 1.000000
Image 0400: truck 1.000000
Image 0401: ship 0.999968
Image 0402: horse 1.000000
Image 0403: ship 1.000000
Image 0404: ship 1.000000
Image 0405: deer 0.911037
Image 0406: airplane 1.000000
Image 0407: automobile 0.999999
Image 0408: ship 1.000000
Image 0409: bird 0.999985
Image 0410: horse 1.000000
Image 0411: truck 0.999889
Image 0412: cat 0.999614
Image 0413: frog 1.000000
Image 0414: automobile 1.000000
Image 0415: truck 1.000000
Image 0416: airplane 0.999977
Image 0417: horse 1.000000
Image 0418: cat 0.999680
Image 0419: horse 1.000000
Image 0420: deer 0.999997
Image 0421: dog 1.000000
Image 0422: ship 1.000000
Image 0423: airplane 1.000000
Image 0424: bird 1.000000
Image 0425: truck 1.000000
Image 0426: frog 0.748929
Image 0427: deer 0.804298
Image 0428: airplane 1.000000
Image 0429: frog 1.000000
Image 0430: bird 0.998256
Image 0431: dog 0.999663
Image 0432: cat 1.000000
Image 0433: horse 0.764273
Image 0434: horse 0.993706
Image 0435: horse 1.000000
Image 0436: bird 0.999954
Image 0437: dog 1.000000
Image 0438: cat 1.000000
Image 0439: truck 0.973291
Image 0440: automobile 1.000000
Image 0441: deer 0.995615
Image 0442: truck 1.000000
Image 0443: truck 0.999979
Image 0444: dog 1.000000
Image 0445: horse 1.000000
Image 0446: dog 0.999998
Image 0447: airplane 1.000000
Image 0448: bird 1.000000
Image 0449: airplane 0.999993
Image 0450: bird 1.000000
Image 0451: truck 1.000000
Image 0452: horse 0.999999
Image 0453: cat 0.999181
Image 0454: truck 1.000000
Image 0455: deer 0.999997
Image 0456: deer 0.999429
Image 0457: dog 1.000000
Image 0458: cat 0.974125
Image 0459: bird 0.760100
Image 0460: dog 1.000000
Image 0461: frog 1.000000
Image 0462: automobile 1.000000
Image 0463: deer 0.998930
Image 0464: cat 0.814245
Image 0465: deer 1.000000
Image 0466: deer 1.000000
Image 0467: cat 1.000000
Image 0468: horse 0.993498
Image 0469: ship 1.000000
Image 0470: cat 0.993613
Image 0471: horse 1.000000
Image 0472: ship 1.000000
Image 0473: airplane 0.987013
Image 0474: dog 0.984784
Image 0475: horse 1.000000
Image 0476: frog 1.000000
Image 0477: airplane 0.999851
Image 0478: dog 1.000000
Image 0479: deer 1.000000
Image 0480: ship 0.999574
Image 0481: frog 1.000000
Image 0482: ship 1.000000
Image 0483: dog 0.735464
Image 0484: dog 1.000000
Image 0485: truck 0.834058
Image 0486: truck 1.000000
Image 0487: truck 1.000000
Image 0488: deer 0.999329
Image 0489: airplane 0.857547
Image 0490: automobile 1.000000
Image 0491: airplane 0.981766
Image 0492: ship 1.000000
Image 0493: automobile 1.000000
Image 0494: automobile 1.000000
Image 0495: ship 1.000000
Image 0496: airplane 1.000000
Image 0497: bird 1.000000
Image 0498: bird 1.000000
Image 0499: airplane 1.000000
Image 0500: deer 0.999946
Image 0501: frog 1.000000
Image 0502: dog 0.999993
Image 0503: deer 0.999958
Image 0504: truck 1.000000
Image 0505: deer 1.000000
Image 0506: horse 1.000000
Image 0507: truck 1.000000
Image 0508: truck 0.999291
Image 0509: deer 1.000000
Image 0510: dog 1.000000
Image 0511: frog 1.000000
Image 0512: frog 1.000000
Image 0513: automobile 0.999998
Image 0514: dog 1.000000
Image 0515: cat 0.999985
Image 0516: ship 1.000000
Image 0517: truck 1.000000
Image 0518: horse 0.999990
Image 0519: ship 1.000000
Image 0520: dog 0.999993
Image 0521: horse 1.000000
Image 0522: airplane 1.000000
Image 0523: horse 1.000000
Image 0524: airplane 1.000000
Image 0525: dog 1.000000
Image 0526: airplane 0.983160
Image 0527: airplane 0.999999
Image 0528: deer 1.000000
Image 0529: frog 1.000000
Image 0530: truck 1.000000
Image 0531: airplane 0.999735
Image 0532: truck 1.000000
Image 0533: dog 1.000000
Image 0534: frog 1.000000
Image 0535: frog 1.000000
Image 0536: frog 1.000000
Image 0537: bird 0.999997
Image 0538: truck 0.988775
Image 0539: airplane 1.000000
Image 0540: automobile 1.000000
Image 0541: horse 0.990277
Image 0542: frog 1.000000
Image 0543: horse 1.000000
Image 0544: dog 1.000000
Image 0545: truck 1.000000
Image 0546: automobile 1.000000
Image 0547: frog 1.000000
Image 0548: bird 1.000000
Image 0549: dog 0.825728
Image 0550: dog 0.999427
Image 0551: dog 0.760296
Image 0552: ship 0.999998
Image 0553: dog 0.999992
Image 0554: truck 1.000000
Image 0555: deer 0.999929
Image 0556: frog 0.999986
Image 0557: deer 1.000000
Image 0558: cat 1.000000
Image 0559: bird 1.000000
Image 0560: airplane 1.000000
Image 0561: horse 1.000000
Image 0562: frog 1.000000
Image 0563: airplane 0.449152
Image 0564: bird 1.000000
Image 0565: cat 1.000000
Image 0566: truck 1.000000
Image 0567: cat 0.997710
Image 0568: truck 0.990364
Image 0569: bird 1.000000
Image 0570: frog 0.950258
Image 0571: horse 1.000000
Image 0572: automobile 1.000000
Image 0573: cat 0.999998
Image 0574: frog 1.000000
Image 0575: frog 1.000000
Image 0576: ship 1.000000
Image 0577: ship 0.955310
Image 0578: horse 0.999999
Image 0579: dog 1.000000
Image 0580: deer 1.000000
Image 0581: airplane 1.000000
Image 0582: ship 0.999998
Image 0583: deer 0.999830
Image 0584: airplane 1.000000
Image 0585: truck 1.000000
Image 0586: cat 0.999260
Image 0587: deer 0.999985
Image 0588: ship 1.000000
Image 0589: truck 1.000000
Image 0590: frog 1.000000
Image 0591: truck 1.000000
Image 0592: bird 1.000000
Image 0593: frog 0.999997
Image 0594: automobile 1.000000
Image 0595: deer 0.999998
Image 0596: horse 1.000000
Image 0597: cat 0.999312
Image 0598: bird 0.999815
Image 0599: cat 1.000000
Image 0600: ship 1.000000
Image 0601: dog 0.840816
Image 0602: airplane 1.000000
Image 0603: bird 1.000000
Image 0604: automobile 1.000000
Image 0605: frog 1.000000
Image 0606: deer 0.999879
Image 0607: dog 0.741632
Image 0608: cat 1.000000
Image 0609: truck 1.000000
Image 0610: frog 1.000000
Image 0611: truck 1.000000
Image 0612: ship 1.000000
Image 0613: ship 1.000000
Image 0614: dog 1.000000
Image 0615: ship 0.998700
Image 0616: frog 1.000000
Image 0617: frog 1.000000
Image 0618: bird 0.879836
Image 0619: automobile 1.000000
Image 0620: horse 1.000000
Image 0621: horse 0.684081
Image 0622: automobile 1.000000
Image 0623: bird 1.000000
Image 0624: horse 1.000000
Image 0625: truck 1.000000
Image 0626: truck 1.000000
Image 0627: deer 1.000000
Image 0628: deer 1.000000
Image 0629: automobile 0.999851
Image 0630: bird 0.968776
Image 0631: dog 0.999990
Image 0632: frog 1.000000
Image 0633: ship 1.000000
Image 0634: horse 1.000000
Image 0635: frog 0.998667
Image 0636: ship 1.000000
Image 0637: cat 0.999942
Image 0638: airplane 1.000000
Image 0639: cat 0.835043
Image 0640: cat 0.863738
Image 0641: cat 0.991957
Image 0642: airplane 0.999988
Image 0643: horse 1.000000
Image 0644: truck 1.000000
Image 0645: automobile 1.000000
Image 0646: cat 0.999997
Image 0647: deer 0.969497
Image 0648: deer 1.000000
Image 0649: dog 1.000000
Image 0650: cat 1.000000
Image 0651: truck 1.000000
Image 0652: dog 1.000000
Image 0653: frog 0.999953
Image 0654: truck 0.999999
Image 0655: bird 0.815710
Image 0656: automobile 1.000000
Image 0657: automobile 0.972737
Image 0658: deer 0.999823
Image 0659: automobile 1.000000
Image 0660: truck 1.000000
Image 0661: deer 0.999999
Image 0662: horse 1.000000
Image 0663: frog 0.999967
Image 0664: cat 1.000000
Image 0665: airplane 0.999738
Image 0666: truck 1.000000
Image 0667: airplane 1.000000
Image 0668: automobile 1.000000
Image 0669: cat 1.000000
Image 0670: frog 1.000000
Image 0671: horse 0.997105
Image 0672: bird 0.850673
Image 0673: cat 1.000000
Image 0674: bird 1.000000
Image 0675: ship 0.969864
Image 0676: cat 1.000000
Image 0677: automobile 0.999994
Image 0678: airplane 0.993116
Image 0679: dog 1.000000
Image 0680: automobile 0.993099
Image 0681: frog 1.000000
Image 0682: deer 0.997447
Image 0683: automobile 0.918945
Image 0684: truck 1.000000
Image 0685: bird 0.451222
Image 0686: truck 1.000000
Image 0687: frog 0.999137
Image 0688: cat 0.999733
Image 0689: airplane 0.962697
Image 0690: cat 1.000000
Image 0691: bird 1.000000
Image 0692: bird 0.999157
Image 0693: horse 1.000000
Image 0694: ship 1.000000
Image 0695: cat 1.000000
Image 0696: ship 0.713720
Image 0697: bird 0.999965
Image 0698: horse 1.000000
Image 0699: dog 1.000000
Image 0700: horse 1.000000
Image 0701: bird 0.999960
Image 0702: deer 1.000000
Image 0703: ship 0.999962
Image 0704: horse 0.999945
Image 0705: deer 1.000000
Image 0706: bird 1.000000
Image 0707: truck 0.999999
Image 0708: ship 0.985159
Image 0709: ship 1.000000
Image 0710: bird 0.999847
Image 0711: airplane 0.978810
Image 0712: ship 1.000000
Image 0713: horse 0.999952
Image 0714: deer 0.999997
Image 0715: cat 0.983213
Image 0716: cat 1.000000
Image 0717: ship 0.999294
Image 0718: deer 0.999998
Image 0719: truck 1.000000
Image 0720: deer 1.000000
Image 0721: ship 1.000000
Image 0722: ship 1.000000
Image 0723: automobile 1.000000
Image 0724: ship 1.000000
Image 0725: ship 0.781759
Image 0726: automobile 1.000000
Image 0727: dog 0.993588
Image 0728: frog 0.999999
Image 0729: dog 1.000000
Image 0730: deer 1.000000
Image 0731: airplane 0.990324
Image 0732: horse 1.000000
Image 0733: truck 0.999995
Image 0734: automobile 0.997985
Image 0735: bird 0.613975
Image 0736: automobile 0.999996
Image 0737: deer 1.000000
Image 0738: automobile 1.000000
Image 0739: cat 0.803241
Image 0740: dog 0.599597
Image 0741: horse 1.000000
Image 0742: airplane 1.000000
Image 0743: horse 1.000000
Image 0744: truck 0.978475
Image 0745: horse 1.000000
Image 0746: frog 0.996749
Image 0747: frog 1.000000
Image 0748: bird 1.000000
Image 0749: cat 0.999992
Image 0750: truck 1.000000
Image 0751: airplane 0.999992
Image 0752: truck 1.000000
Image 0753: automobile 1.000000
Image 0754: bird 1.000000
Image 0755: bird 0.999752
Image 0756: frog 1.000000
Image 0757: ship 1.000000
Image 0758: bird 1.000000
Image 0759: automobile 1.000000
Image 0760: cat 0.999995
Image 0761: frog 0.996456
Image 0762: frog 1.000000
Image 0763: airplane 1.000000
Image 0764: automobile 1.000000
Image 0765: bird 1.000000
Image 0766: horse 0.999333
Image 0767: airplane 0.966574
Image 0768: dog 1.000000
Image 0769: deer 1.000000
Image 0770: cat 0.994257
Image 0771: truck 0.999502
Image 0772: frog 1.000000
Image 0773: deer 0.999735
Image 0774: airplane 0.996415
Image 0775: bird 0.999994
Image 0776: dog 0.966102
Image 0777: frog 1.000000
Image 0778: airplane 1.000000
Image 0779: frog 0.998995
Image 0780: truck 1.000000
Image 0781: automobile 1.000000
Image 0782: horse 1.000000
Image 0783: frog 1.000000
Image 0784: horse 1.000000
Image 0785: airplane 0.999998
Image 0786: cat 1.000000
Image 0787: truck 1.000000
Image 0788: deer 0.816120
Image 0789: ship 1.000000
Image 0790: cat 0.999984
Image 0791: airplane 1.000000
Image 0792: cat 0.997899
Image 0793: cat 0.986875
Image 0794: horse 0.999887
Image 0795: horse 1.000000
Image 0796: cat 0.996073
Image 0797: deer 0.999976
Image 0798: horse 1.000000
Image 0799: deer 0.994859
Image 0800: horse 1.000000
Image 0801: automobile 1.000000
Image 0802: deer 0.999998
Image 0803: horse 1.000000
Image 0804: deer 0.999932
Image 0805: deer 0.999924
Image 0806: ship 1.000000
Image 0807: deer 0.994998
Image 0808: horse 1.000000
Image 0809: horse 0.999967
Image 0810: bird 1.000000
Image 0811: dog 0.954876
Image 0812: horse 1.000000
Image 0813: bird 1.000000
Image 0814: airplane 0.722054
Image 0815: ship 1.000000
Image 0816: truck 1.000000
Image 0817: dog 1.000000
Image 0818: ship 0.932423
Image 0819: bird 0.993259
Image 0820: frog 0.994994
Image 0821: bird 1.000000
Image 0822: airplane 0.999768
Image 0823: ship 1.000000
Image 0824: horse 1.000000
Image 0825: cat 1.000000
Image 0826: horse 1.000000
Image 0827: frog 1.000000
Image 0828: dog 1.000000
Image 0829: cat 0.999999
Image 0830: automobile 0.999563
Image 0831: truck 0.493764
Image 0832: bird 1.000000
Image 0833: bird 1.000000
Image 0834: dog 0.996989
Image 0835: deer 0.816632
Image 0836: truck 0.999054
Image 0837: bird 1.000000
Image 0838: truck 1.000000
Image 0839: bird 1.000000
Image 0840: horse 1.000000
Image 0841: airplane 1.000000
Image 0842: horse 1.000000
Image 0843: bird 1.000000
Image 0844: automobile 1.000000
Image 0845: airplane 0.999991
Image 0846: bird 1.000000
Image 0847: airplane 1.000000
Image 0848: bird 0.999165
Image 0849: deer 1.000000
Image 0850: dog 0.856085
Image 0851: truck 1.000000
Image 0852: ship 1.000000
Image 0853: truck 0.999970
Image 0854: airplane 1.000000
Image 0855: horse 1.000000
Image 0856: horse 0.999985
Image 0857: airplane 0.999998
Image 0858: horse 1.000000
Image 0859: ship 0.999903
Image 0860: deer 0.999685
Image 0861: frog 1.000000
Image 0862: frog 0.948359
Image 0863: cat 1.000000
Image 0864: airplane 1.000000
Image 0865: automobile 1.000000
Image 0866: cat 0.993216
Image 0867: horse 1.000000
Image 0868: airplane 1.000000
Image 0869: automobile 1.000000
Image 0870: cat 0.999980
Image 0871: automobile 1.000000
Image 0872: deer 0.999999
Image 0873: bird 1.000000
Image 0874: cat 1.000000
Image 0875: ship 1.000000
Image 0876: deer 1.000000
Image 0877: bird 1.000000
Image 0878: cat 0.996531
Image 0879: horse 1.000000
Image 0880: ship 1.000000
Image 0881: deer 0.999959
Image 0882: airplane 0.998726
Image 0883: airplane 0.988997
Image 0884: truck 1.000000
Image 0885: airplane 0.999982
Image 0886: airplane 0.959406
Image 0887: automobile 0.999972
Image 0888: bird 0.956042
Image 0889: deer 1.000000
Image 0890: deer 0.999986
Image 0891: frog 1.000000
Image 0892: horse 1.000000
Image 0893: cat 1.000000
Image 0894: automobile 1.000000
Image 0895: automobile 0.999665
Image 0896: cat 1.000000
Image 0897: horse 1.000000
Image 0898: cat 0.800968
Image 0899: dog 1.000000
Image 0900: bird 0.999895
Image 0901: frog 0.999999
Image 0902: frog 1.000000
Image 0903: dog 1.000000
Image 0904: ship 0.845079
Image 0905: horse 1.000000
Image 0906: automobile 1.000000
Image 0907: frog 1.000000
Image 0908: ship 0.999999
Image 0909: ship 1.000000
Image 0910: deer 0.849562
Image 0911: cat 1.000000
Image 0912: airplane 0.912491
Image 0913: deer 1.000000
Image 0914: airplane 1.000000
Image 0915: automobile 1.000000
Image 0916: deer 0.898274
Image 0917: ship 1.000000
Image 0918: ship 1.000000
Image 0919: airplane 1.000000
Image 0920: frog 1.000000
Image 0921: truck 1.000000
Image 0922: truck 0.999988
Image 0923: truck 0.790764
Image 0924: dog 0.999778
Image 0925: cat 0.999999
Image 0926: ship 0.973435
Image 0927: frog 0.999996
Image 0928: airplane 1.000000
Image 0929: airplane 1.000000
Image 0930: deer 1.000000
Image 0931: bird 1.000000
Image 0932: cat 0.999992
Image 0933: bird 0.999983
Image 0934: horse 1.000000
Image 0935: bird 0.999951
Image 0936: bird 0.999992
Image 0937: dog 1.000000
Image 0938: truck 0.898845
Image 0939: ship 1.000000
Image 0940: truck 1.000000
Image 0941: automobile 0.999847
Image 0942: horse 1.000000
Image 0943: cat 0.613120
Image 0944: airplane 1.000000
Image 0945: cat 1.000000
Image 0946: airplane 1.000000
Image 0947: automobile 1.000000
Image 0948: deer 0.828695
Image 0949: ship 1.000000
Image 0950: cat 0.986244
Image 0951: truck 1.000000
Image 0952: frog 1.000000
Image 0953: airplane 0.952922
Image 0954: deer 1.000000
Image 0955: horse 1.000000
Image 0956: bird 0.999970
Image 0957: frog 0.991349
Image 0958: horse 1.000000
Image 0959: ship 1.000000
Image 0960: truck 1.000000
Image 0961: automobile 0.999994
Image 0962: automobile 1.000000
Image 0963: frog 1.000000
Image 0964: frog 0.999999
Image 0965: frog 0.998405
Image 0966: cat 0.999953
Image 0967: truck 1.000000
Image 0968: automobile 1.000000
Image 0969: truck 1.000000
Image 0970: truck 1.000000
Image 0971: deer 0.999999
Image 0972: bird 0.999981
Image 0973: automobile 1.000000
Image 0974: horse 0.999962
Image 0975: airplane 1.000000
Image 0976: frog 1.000000
Image 0977: ship 1.000000
Image 0978: automobile 0.999995
Image 0979: truck 1.000000
Image 0980: bird 1.000000
Image 0981: truck 0.999999
Image 0982: cat 0.778595
Image 0983: deer 1.000000
Image 0984: horse 1.000000
Image 0985: ship 1.000000
Image 0986: cat 0.999999
Image 0987: automobile 1.000000
Image 0988: bird 1.000000
Image 0989: airplane 1.000000
Image 0990: automobile 1.000000
Image 0991: dog 1.000000
Image 0992: ship 1.000000
Image 0993: horse 0.999853
Image 0994: dog 0.644783
Image 0995: cat 0.999819
Image 0996: ship 1.000000
Image 0997: automobile 0.999977
Image 0998: cat 1.000000
Image 0999: ship 1.000000
Accuracy: 0.889000
